<?xml version="1.0" encoding="UTF-8"?>
<!-- Generated by org.testng.reporters.JUnitReportReporter -->
<testsuite hostname="MC0X2AUC" name="Selenium.Screenshot" tests="1" failures="0" timestamp="18 Oct 2016 12:06:54 GMT" time="15.297" errors="0">
  <testcase name="TestJavaS1" time="15.297" classname="Selenium.Screenshot"/>
</testsuite> <!-- Selenium.Screenshot -->
